[2019-04-03 14:07:21.790] [exthost] [info] extension host started
[2019-04-03 14:07:27.092] [exthost] [info] ExtensionService#_doActivateExtension vscode.debug-auto-launch {"startup":true,"activationEvent":"*"}
[2019-04-03 14:07:27.092] [exthost] [info] ExtensionService#loadCommonJSModule /home/travis/build/codercom/code-server/packages/server/build/extensions/debug-auto-launch/dist/extension
[2019-04-03 14:07:27.105] [exthost] [info] ExtensionService#_doActivateExtension vscode.emmet {"startup":true,"activationEvent":"*"}
[2019-04-03 14:07:27.105] [exthost] [info] ExtensionService#loadCommonJSModule /home/travis/build/codercom/code-server/packages/server/build/extensions/emmet/dist/extension
[2019-04-03 14:07:27.142] [exthost] [info] ExtensionService#_doActivateExtension vscode.git {"startup":true,"activationEvent":"*"}
[2019-04-03 14:07:27.142] [exthost] [info] ExtensionService#loadCommonJSModule /home/travis/build/codercom/code-server/packages/server/build/extensions/git/dist/main
[2019-04-03 14:07:27.307] [exthost] [info] ExtensionService#_doActivateExtension vscode.merge-conflict {"startup":true,"activationEvent":"*"}
[2019-04-03 14:07:27.307] [exthost] [info] ExtensionService#loadCommonJSModule /home/travis/build/codercom/code-server/packages/server/build/extensions/merge-conflict/dist/extension
[2019-04-03 14:07:27.327] [exthost] [info] ExtensionService#_doActivateExtension vscode.extension-editing {"startup":false,"activationEvent":"onLanguage:typescript"}
[2019-04-03 14:07:27.327] [exthost] [info] ExtensionService#loadCommonJSModule /home/travis/build/codercom/code-server/packages/server/build/extensions/extension-editing/dist/extension
[2019-04-03 14:07:27.380] [exthost] [info] ExtensionService#_doActivateExtension vscode.typescript-language-features {"startup":false,"activationEvent":"onLanguage:typescript"}
[2019-04-03 14:07:27.381] [exthost] [info] ExtensionService#loadCommonJSModule /home/travis/build/codercom/code-server/packages/server/build/extensions/typescript-language-features/dist/extension
[2019-04-03 14:07:27.558] [exthost] [info] eager extensions activated
[2019-04-03 14:11:10.655] [exthost] [info] ExtensionService#_doActivateExtension vscode.html-language-features {"startup":false,"activationEvent":"onLanguage:html"}
[2019-04-03 14:11:10.655] [exthost] [info] ExtensionService#loadCommonJSModule /home/travis/build/codercom/code-server/packages/server/build/extensions/html-language-features/client/dist/htmlMain
[2019-04-03 14:12:42.465] [exthost] [info] ExtensionService#_doActivateExtension ritwickdey.LiveServer {"startup":false,"activationEvent":"*"}
[2019-04-03 14:12:42.465] [exthost] [info] ExtensionService#loadCommonJSModule /root/.local/share/code-server/extensions/ritwickdey.liveserver-5.5.1/out/src/extension
[2019-04-03 14:21:32.694] [exthost] [info] ExtensionService#_doActivateExtension vscodevim.vim {"startup":false,"activationEvent":"*"}
[2019-04-03 14:21:32.695] [exthost] [info] ExtensionService#loadCommonJSModule /root/.local/share/code-server/extensions/vscodevim.vim-1.0.8/out/extension
[2019-04-03 14:23:34.128] [exthost] [info] ExtensionService#_doActivateExtension vscode.configuration-editing {"startup":false,"activationEvent":"onLanguage:jsonc"}
[2019-04-03 14:23:34.128] [exthost] [info] ExtensionService#loadCommonJSModule /home/travis/build/codercom/code-server/packages/server/build/extensions/configuration-editing/dist/extension
[2019-04-03 14:23:34.142] [exthost] [info] ExtensionService#_doActivateExtension vscode.json-language-features {"startup":false,"activationEvent":"onLanguage:jsonc"}
[2019-04-03 14:23:34.143] [exthost] [info] ExtensionService#loadCommonJSModule /home/travis/build/codercom/code-server/packages/server/build/extensions/json-language-features/client/dist/jsonMain
