[2019-04-03 14:18:32.793] [exthost] [info] extension host started
[2019-04-03 14:18:37.317] [exthost] [info] ExtensionService#_doActivateExtension vscode.debug-auto-launch {"startup":true,"activationEvent":"*"}
[2019-04-03 14:18:37.318] [exthost] [info] ExtensionService#loadCommonJSModule /home/travis/build/codercom/code-server/packages/server/build/extensions/debug-auto-launch/dist/extension
[2019-04-03 14:18:37.356] [exthost] [info] ExtensionService#_doActivateExtension vscode.emmet {"startup":true,"activationEvent":"*"}
[2019-04-03 14:18:37.356] [exthost] [info] ExtensionService#loadCommonJSModule /home/travis/build/codercom/code-server/packages/server/build/extensions/emmet/dist/extension
[2019-04-03 14:18:37.439] [exthost] [info] ExtensionService#_doActivateExtension vscode.git {"startup":true,"activationEvent":"*"}
[2019-04-03 14:18:37.439] [exthost] [info] ExtensionService#loadCommonJSModule /home/travis/build/codercom/code-server/packages/server/build/extensions/git/dist/main
[2019-04-03 14:18:37.865] [exthost] [info] ExtensionService#_doActivateExtension vscode.merge-conflict {"startup":true,"activationEvent":"*"}
[2019-04-03 14:18:37.868] [exthost] [info] ExtensionService#loadCommonJSModule /home/travis/build/codercom/code-server/packages/server/build/extensions/merge-conflict/dist/extension
[2019-04-03 14:18:37.904] [exthost] [info] ExtensionService#_doActivateExtension ritwickdey.LiveServer {"startup":true,"activationEvent":"*"}
[2019-04-03 14:18:37.904] [exthost] [info] ExtensionService#loadCommonJSModule /root/.local/share/code-server/extensions/ritwickdey.liveserver-5.5.1/out/src/extension
[2019-04-03 14:18:40.798] [exthost] [info] ExtensionService#_doActivateExtension vscode.extension-editing {"startup":false,"activationEvent":"onLanguage:typescript"}
[2019-04-03 14:18:40.799] [exthost] [info] ExtensionService#loadCommonJSModule /home/travis/build/codercom/code-server/packages/server/build/extensions/extension-editing/dist/extension
[2019-04-03 14:18:40.931] [exthost] [info] ExtensionService#_doActivateExtension vscode.typescript-language-features {"startup":false,"activationEvent":"onLanguage:typescript"}
[2019-04-03 14:18:40.931] [exthost] [info] ExtensionService#loadCommonJSModule /home/travis/build/codercom/code-server/packages/server/build/extensions/typescript-language-features/dist/extension
[2019-04-03 14:18:42.113] [exthost] [info] eager extensions activated
[2019-04-03 14:21:31.960] [exthost] [info] ExtensionService#_doActivateExtension vscodevim.vim {"startup":false,"activationEvent":"*"}
[2019-04-03 14:21:31.961] [exthost] [info] ExtensionService#loadCommonJSModule /root/.local/share/code-server/extensions/vscodevim.vim-1.0.8/out/extension
[2019-04-03 14:24:57.944] [exthost] [info] ExtensionService#_doActivateExtension ms-vscode.node-debug2 {"startup":false,"activationEvent":"onCommand:extension.node-debug.startAutoAttach"}
[2019-04-03 14:24:57.944] [exthost] [info] ExtensionService#loadCommonJSModule /home/travis/build/codercom/code-server/packages/server/build/extensions/ms-vscode.node-debug2/out/src/extension
[2019-04-03 14:24:58.097] [exthost] [info] ExtensionService#_doActivateExtension ms-vscode.node-debug {"startup":false,"activationEvent":"onCommand:extension.node-debug.startAutoAttach"}
[2019-04-03 14:24:58.097] [exthost] [info] ExtensionService#loadCommonJSModule /home/travis/build/codercom/code-server/packages/server/build/extensions/ms-vscode.node-debug/dist/extension.js
[2019-04-03 14:34:49.291] [exthost] [info] ExtensionService#_doActivateExtension vscode.html-language-features {"startup":false,"activationEvent":"onLanguage:html"}
[2019-04-03 14:34:49.292] [exthost] [info] ExtensionService#loadCommonJSModule /home/travis/build/codercom/code-server/packages/server/build/extensions/html-language-features/client/dist/htmlMain
