[2019-04-15 15:46:37.674] [exthost] [info] extension host started
[2019-04-15 15:46:37.876] [exthost] [info] ExtensionService#_doActivateExtension vscode.debug-auto-launch {"startup":true,"activationEvent":"*"}
[2019-04-15 15:46:37.877] [exthost] [info] ExtensionService#loadCommonJSModule /home/travis/build/codercom/code-server/packages/server/build/extensions/debug-auto-launch/dist/extension
[2019-04-15 15:46:37.920] [exthost] [info] ExtensionService#_doActivateExtension vscode.emmet {"startup":true,"activationEvent":"*"}
[2019-04-15 15:46:37.921] [exthost] [info] ExtensionService#loadCommonJSModule /home/travis/build/codercom/code-server/packages/server/build/extensions/emmet/dist/extension
[2019-04-15 15:46:37.992] [exthost] [info] ExtensionService#_doActivateExtension vscode.git {"startup":true,"activationEvent":"*"}
[2019-04-15 15:46:37.993] [exthost] [info] ExtensionService#loadCommonJSModule /home/travis/build/codercom/code-server/packages/server/build/extensions/git/dist/main
[2019-04-15 15:46:38.248] [exthost] [info] ExtensionService#_doActivateExtension vscode.merge-conflict {"startup":true,"activationEvent":"*"}
[2019-04-15 15:46:38.248] [exthost] [info] ExtensionService#loadCommonJSModule /home/travis/build/codercom/code-server/packages/server/build/extensions/merge-conflict/dist/extension
[2019-04-15 15:46:38.259] [exthost] [info] ExtensionService#_doActivateExtension ritwickdey.LiveServer {"startup":true,"activationEvent":"*"}
[2019-04-15 15:46:38.259] [exthost] [info] ExtensionService#loadCommonJSModule /root/.local/share/code-server/extensions/ritwickdey.liveserver-5.5.1/out/src/extension
[2019-04-15 15:46:42.066] [exthost] [info] ExtensionService#_doActivateExtension vscodevim.vim {"startup":true,"activationEvent":"*"}
[2019-04-15 15:46:42.066] [exthost] [info] ExtensionService#loadCommonJSModule /root/.local/share/code-server/extensions/vscodevim.vim-1.0.8/out/extension
[2019-04-15 15:46:43.809] [exthost] [info] eager extensions activated
[2019-04-15 15:46:44.012] [exthost] [info] ExtensionService#_doActivateExtension ms-vscode.node-debug2 {"startup":false,"activationEvent":"onCommand:extension.node-debug.startAutoAttach"}
[2019-04-15 15:46:44.012] [exthost] [info] ExtensionService#loadCommonJSModule /home/travis/build/codercom/code-server/packages/server/build/extensions/ms-vscode.node-debug2/out/src/extension
[2019-04-15 15:46:44.193] [exthost] [info] ExtensionService#_doActivateExtension ms-vscode.node-debug {"startup":false,"activationEvent":"onCommand:extension.node-debug.startAutoAttach"}
[2019-04-15 15:46:44.193] [exthost] [info] ExtensionService#loadCommonJSModule /home/travis/build/codercom/code-server/packages/server/build/extensions/ms-vscode.node-debug/dist/extension.js
[2019-04-15 15:47:12.973] [exthost] [info] ExtensionService#_doActivateExtension vscode.typescript-language-features {"startup":false,"activationEvent":"onLanguage:javascript"}
[2019-04-15 15:47:12.973] [exthost] [info] ExtensionService#loadCommonJSModule /home/travis/build/codercom/code-server/packages/server/build/extensions/typescript-language-features/dist/extension
[2019-04-15 15:49:43.436] [exthost] [info] ExtensionService#_doActivateExtension vscode.html-language-features {"startup":false,"activationEvent":"onLanguage:html"}
[2019-04-15 15:49:43.436] [exthost] [info] ExtensionService#loadCommonJSModule /home/travis/build/codercom/code-server/packages/server/build/extensions/html-language-features/client/dist/htmlMain
